<?xml version="1.0" encoding="UTF-8"?>
<!-- Generated by org.testng.reporters.JUnitReportReporter -->
<testsuite hostname="Rihyant" failures="0" tests="1" name="com.inetBanking.testCases.TC_LoginTest_001" time="1.274" errors="0" timestamp="2023-10-18T21:28:34 EDT" skipped="0">
  <testcase classname="com.inetBanking.testCases.TC_LoginTest_001" name="logintest" time="1.274"/>
  <system-out/>
</testsuite> <!-- com.inetBanking.testCases.TC_LoginTest_001 -->
